mode: atomic
github.com/OneFineDev/tmpltr/cmd/create.go:13.40,24.48 1 0
github.com/OneFineDev/tmpltr/cmd/create.go:24.48,26.4 1 0
github.com/OneFineDev/tmpltr/cmd/create.go:29.2,32.18 2 0
github.com/OneFineDev/tmpltr/cmd/form.go:7.38,18.55 1 0
github.com/OneFineDev/tmpltr/cmd/form.go:18.55,29.4 1 0
github.com/OneFineDev/tmpltr/cmd/form.go:32.2,32.16 1 0
github.com/OneFineDev/tmpltr/cmd/get.go:13.37,23.48 1 0
github.com/OneFineDev/tmpltr/cmd/get.go:23.48,25.4 1 0
github.com/OneFineDev/tmpltr/cmd/get.go:28.2,31.15 2 0
github.com/OneFineDev/tmpltr/cmd/project.go:23.41,32.55 1 0
github.com/OneFineDev/tmpltr/cmd/project.go:32.55,36.18 3 0
github.com/OneFineDev/tmpltr/cmd/project.go:36.18,38.5 1 0
github.com/OneFineDev/tmpltr/cmd/project.go:39.4,42.18 3 0
github.com/OneFineDev/tmpltr/cmd/project.go:42.18,44.5 1 0
github.com/OneFineDev/tmpltr/cmd/project.go:46.4,49.18 3 0
github.com/OneFineDev/tmpltr/cmd/project.go:49.18,51.5 1 0
github.com/OneFineDev/tmpltr/cmd/project.go:54.4,58.18 3 0
github.com/OneFineDev/tmpltr/cmd/project.go:58.18,59.39 1 0
github.com/OneFineDev/tmpltr/cmd/project.go:59.39,62.20 2 0
github.com/OneFineDev/tmpltr/cmd/project.go:62.20,64.7 1 0
github.com/OneFineDev/tmpltr/cmd/project.go:65.11,68.6 1 0
github.com/OneFineDev/tmpltr/cmd/project.go:71.4,87.14 7 0
github.com/OneFineDev/tmpltr/cmd/project.go:87.14,89.30 2 0
github.com/OneFineDev/tmpltr/cmd/project.go:89.30,91.6 1 0
github.com/OneFineDev/tmpltr/cmd/project.go:94.4,94.14 1 0
github.com/OneFineDev/tmpltr/cmd/project.go:94.14,96.28 2 0
github.com/OneFineDev/tmpltr/cmd/project.go:96.28,100.6 3 0
github.com/OneFineDev/tmpltr/cmd/project.go:103.4,105.31 2 0
github.com/OneFineDev/tmpltr/cmd/project.go:105.31,107.5 1 0
github.com/OneFineDev/tmpltr/cmd/project.go:109.4,113.18 3 0
github.com/OneFineDev/tmpltr/cmd/project.go:113.18,115.5 1 0
github.com/OneFineDev/tmpltr/cmd/project.go:116.4,117.18 2 0
github.com/OneFineDev/tmpltr/cmd/project.go:117.18,119.5 1 0
github.com/OneFineDev/tmpltr/cmd/project.go:122.4,124.41 2 0
github.com/OneFineDev/tmpltr/cmd/project.go:124.41,126.5 1 0
github.com/OneFineDev/tmpltr/cmd/project.go:126.10,128.19 2 0
github.com/OneFineDev/tmpltr/cmd/project.go:128.19,130.6 1 0
github.com/OneFineDev/tmpltr/cmd/project.go:132.5,133.19 2 0
github.com/OneFineDev/tmpltr/cmd/project.go:133.19,135.6 1 0
github.com/OneFineDev/tmpltr/cmd/project.go:138.4,139.18 2 0
github.com/OneFineDev/tmpltr/cmd/project.go:139.18,141.5 1 0
github.com/OneFineDev/tmpltr/cmd/project.go:143.4,144.18 2 0
github.com/OneFineDev/tmpltr/cmd/project.go:144.18,146.5 1 0
github.com/OneFineDev/tmpltr/cmd/project.go:147.4,147.14 1 0
github.com/OneFineDev/tmpltr/cmd/project.go:151.2,177.19 11 0
github.com/OneFineDev/tmpltr/cmd/root.go:46.38,58.68 1 0
github.com/OneFineDev/tmpltr/cmd/root.go:58.68,63.4 3 0
github.com/OneFineDev/tmpltr/cmd/root.go:66.55,69.4 2 0
github.com/OneFineDev/tmpltr/cmd/root.go:72.2,97.16 8 0
github.com/OneFineDev/tmpltr/cmd/root.go:102.16,105.16 3 0
github.com/OneFineDev/tmpltr/cmd/root.go:105.16,107.3 1 0
github.com/OneFineDev/tmpltr/cmd/root.go:111.43,112.19 1 0
github.com/OneFineDev/tmpltr/cmd/root.go:112.19,117.3 3 0
github.com/OneFineDev/tmpltr/cmd/root.go:117.8,127.3 6 0
github.com/OneFineDev/tmpltr/cmd/root.go:129.2,140.45 9 0
github.com/OneFineDev/tmpltr/cmd/root.go:140.45,141.24 1 0
github.com/OneFineDev/tmpltr/cmd/root.go:141.24,143.4 1 0
github.com/OneFineDev/tmpltr/cmd/root.go:144.8,146.3 1 0
github.com/OneFineDev/tmpltr/cmd/root.go:148.2,149.12 2 0
github.com/OneFineDev/tmpltr/cmd/root.go:153.52,154.43 1 0
github.com/OneFineDev/tmpltr/cmd/root.go:154.43,158.66 2 0
github.com/OneFineDev/tmpltr/cmd/root.go:158.66,160.42 2 0
github.com/OneFineDev/tmpltr/cmd/root.go:160.42,162.5 1 0
github.com/OneFineDev/tmpltr/cmd/root.go:163.4,163.55 1 0
github.com/OneFineDev/tmpltr/cmd/values.go:22.40,32.55 1 0
github.com/OneFineDev/tmpltr/cmd/values.go:32.55,34.18 2 0
github.com/OneFineDev/tmpltr/cmd/values.go:34.18,36.5 1 0
github.com/OneFineDev/tmpltr/cmd/values.go:37.4,40.18 3 0
github.com/OneFineDev/tmpltr/cmd/values.go:40.18,42.5 1 0
github.com/OneFineDev/tmpltr/cmd/values.go:44.4,49.18 4 0
github.com/OneFineDev/tmpltr/cmd/values.go:49.18,51.5 1 0
github.com/OneFineDev/tmpltr/cmd/values.go:52.4,72.14 9 0
github.com/OneFineDev/tmpltr/cmd/values.go:72.14,74.30 2 0
github.com/OneFineDev/tmpltr/cmd/values.go:74.30,76.6 1 0
github.com/OneFineDev/tmpltr/cmd/values.go:79.4,79.14 1 0
github.com/OneFineDev/tmpltr/cmd/values.go:79.14,81.28 2 0
github.com/OneFineDev/tmpltr/cmd/values.go:81.28,85.6 3 0
github.com/OneFineDev/tmpltr/cmd/values.go:88.4,90.31 2 0
github.com/OneFineDev/tmpltr/cmd/values.go:90.31,92.5 1 0
github.com/OneFineDev/tmpltr/cmd/values.go:108.4,112.18 3 0
github.com/OneFineDev/tmpltr/cmd/values.go:112.18,114.5 1 0
github.com/OneFineDev/tmpltr/cmd/values.go:115.4,116.18 2 0
github.com/OneFineDev/tmpltr/cmd/values.go:116.18,118.5 1 0
github.com/OneFineDev/tmpltr/cmd/values.go:121.4,126.18 4 0
github.com/OneFineDev/tmpltr/cmd/values.go:126.18,129.5 2 0
github.com/OneFineDev/tmpltr/cmd/values.go:131.4,133.14 2 0
github.com/OneFineDev/tmpltr/cmd/values.go:137.2,147.18 5 0
github.com/OneFineDev/tmpltr/internal/errors/source.go:24.37,26.2 1 0
github.com/OneFineDev/tmpltr/internal/errors/source.go:27.37,29.2 1 0
github.com/OneFineDev/tmpltr/internal/errors/source.go:31.46,34.25 2 0
github.com/OneFineDev/tmpltr/internal/errors/source.go:34.25,37.3 2 0
github.com/OneFineDev/tmpltr/internal/errors/source.go:39.2,41.76 2 0
github.com/OneFineDev/tmpltr/internal/logger/logger.go:8.74,13.15 3 0
github.com/OneFineDev/tmpltr/internal/logger/logger.go:14.15,15.27 1 0
github.com/OneFineDev/tmpltr/internal/logger/logger.go:16.14,17.26 1 0
github.com/OneFineDev/tmpltr/internal/logger/logger.go:20.2,25.16 2 0
github.com/OneFineDev/tmpltr/internal/logger/logger.go:26.14,27.43 1 0
github.com/OneFineDev/tmpltr/internal/logger/logger.go:29.14,30.43 1 0
github.com/OneFineDev/tmpltr/internal/logger/logger.go:32.10,33.43 1 0
github.com/OneFineDev/tmpltr/internal/logger/logger.go:36.2,38.15 2 0
github.com/OneFineDev/tmpltr/main.go:8.13,10.2 1 0
github.com/OneFineDev/tmpltr/internal/types/sources.go:68.37,68.38 0 0
github.com/OneFineDev/tmpltr/internal/types/template.go:9.42,9.43 0 0
github.com/OneFineDev/tmpltr/internal/storage/blob.go:11.34,13.2 1 0
github.com/OneFineDev/tmpltr/internal/storage/blob.go:19.76,22.2 1 0
github.com/OneFineDev/tmpltr/internal/storage/blob.go:24.103,27.2 1 0
github.com/OneFineDev/tmpltr/internal/storage/blob.go:29.50,31.2 1 0
github.com/OneFineDev/tmpltr/internal/storage/errors.go:10.53,12.2 1 0
github.com/OneFineDev/tmpltr/internal/storage/errors.go:19.38,21.2 1 0
github.com/OneFineDev/tmpltr/internal/storage/file.go:15.34,17.2 1 0
github.com/OneFineDev/tmpltr/internal/storage/file.go:19.76,22.2 1 0
github.com/OneFineDev/tmpltr/internal/storage/file.go:23.82,26.2 1 0
github.com/OneFineDev/tmpltr/internal/storage/file.go:29.50,31.2 1 0
github.com/OneFineDev/tmpltr/internal/storage/git.go:18.13,22.2 1 1
github.com/OneFineDev/tmpltr/internal/storage/git.go:28.32,30.2 1 0
github.com/OneFineDev/tmpltr/internal/storage/git.go:32.75,38.53 3 0
github.com/OneFineDev/tmpltr/internal/storage/git.go:38.53,43.3 1 0
github.com/OneFineDev/tmpltr/internal/storage/git.go:45.2,45.51 1 0
github.com/OneFineDev/tmpltr/internal/storage/git.go:45.51,50.3 1 0
github.com/OneFineDev/tmpltr/internal/storage/git.go:53.2,54.24 2 0
github.com/OneFineDev/tmpltr/internal/storage/git.go:55.12,57.17 2 0
github.com/OneFineDev/tmpltr/internal/storage/git.go:57.17,62.4 1 0
github.com/OneFineDev/tmpltr/internal/storage/git.go:63.3,63.23 1 0
github.com/OneFineDev/tmpltr/internal/storage/git.go:64.10,68.4 1 0
github.com/OneFineDev/tmpltr/internal/storage/git.go:71.2,80.16 4 0
github.com/OneFineDev/tmpltr/internal/storage/git.go:80.16,82.3 1 0
github.com/OneFineDev/tmpltr/internal/storage/git.go:84.2,85.16 2 0
github.com/OneFineDev/tmpltr/internal/storage/git.go:85.16,87.3 1 0
github.com/OneFineDev/tmpltr/internal/storage/git.go:89.2,89.22 1 0
github.com/OneFineDev/tmpltr/internal/storage/git.go:99.48,101.2 1 0
github.com/OneFineDev/tmpltr/internal/storage/utils.go:20.91,23.82 3 2
github.com/OneFineDev/tmpltr/internal/storage/utils.go:23.82,24.17 1 4
github.com/OneFineDev/tmpltr/internal/storage/utils.go:24.17,26.4 1 1
github.com/OneFineDev/tmpltr/internal/storage/utils.go:27.3,29.19 2 3
github.com/OneFineDev/tmpltr/internal/storage/utils.go:29.19,31.16 2 2
github.com/OneFineDev/tmpltr/internal/storage/utils.go:31.16,33.5 1 0
github.com/OneFineDev/tmpltr/internal/storage/utils.go:34.9,36.16 2 1
github.com/OneFineDev/tmpltr/internal/storage/utils.go:36.16,38.5 1 0
github.com/OneFineDev/tmpltr/internal/storage/utils.go:40.3,40.13 1 3
github.com/OneFineDev/tmpltr/internal/storage/utils.go:45.78,47.16 2 1
github.com/OneFineDev/tmpltr/internal/storage/utils.go:47.16,49.3 1 0
github.com/OneFineDev/tmpltr/internal/storage/utils.go:50.2,53.16 3 1
github.com/OneFineDev/tmpltr/internal/storage/utils.go:53.16,55.3 1 0
github.com/OneFineDev/tmpltr/internal/storage/utils.go:56.2,59.16 3 1
github.com/OneFineDev/tmpltr/internal/storage/utils.go:59.16,61.3 1 0
github.com/OneFineDev/tmpltr/internal/storage/utils.go:63.2,63.12 1 1
github.com/OneFineDev/tmpltr/internal/ui/form.go:19.84,26.27 4 0
github.com/OneFineDev/tmpltr/internal/ui/form.go:26.27,31.3 3 0
github.com/OneFineDev/tmpltr/internal/ui/form.go:33.2,37.21 2 0
github.com/OneFineDev/tmpltr/internal/ui/form.go:40.82,41.21 1 7
github.com/OneFineDev/tmpltr/internal/ui/form.go:41.21,43.3 1 4
github.com/OneFineDev/tmpltr/internal/ui/form.go:44.2,44.24 1 7
github.com/OneFineDev/tmpltr/internal/ui/form.go:44.24,45.28 1 10
github.com/OneFineDev/tmpltr/internal/ui/form.go:46.31,47.34 1 3
github.com/OneFineDev/tmpltr/internal/ui/form.go:52.11,53.32 1 7
github.com/OneFineDev/tmpltr/internal/ui/form.go:58.91,59.28 1 5
github.com/OneFineDev/tmpltr/internal/ui/form.go:59.28,62.20 2 9
github.com/OneFineDev/tmpltr/internal/ui/form.go:63.10,65.31 2 3
github.com/OneFineDev/tmpltr/internal/ui/form.go:66.10,69.69 3 4
github.com/OneFineDev/tmpltr/internal/ui/form.go:69.69,71.5 1 1
github.com/OneFineDev/tmpltr/internal/ui/form.go:71.10,75.5 3 3
github.com/OneFineDev/tmpltr/internal/ui/form.go:76.10,80.69 4 2
github.com/OneFineDev/tmpltr/internal/ui/form.go:80.69,81.61 1 0
github.com/OneFineDev/tmpltr/internal/ui/form.go:81.61,83.6 1 0
github.com/OneFineDev/tmpltr/internal/ui/form.go:83.11,87.6 3 0
github.com/OneFineDev/tmpltr/internal/ui/form.go:88.10,94.5 5 2
github.com/OneFineDev/tmpltr/internal/ui/form.go:95.11,95.11 0 0
github.com/OneFineDev/tmpltr/internal/ui/form.go:99.2,99.26 1 5
github.com/OneFineDev/tmpltr/internal/services/source_service.go:83.119,84.86 1 0
github.com/OneFineDev/tmpltr/internal/services/source_service.go:84.86,86.3 1 0
github.com/OneFineDev/tmpltr/internal/services/source_service.go:88.2,96.3 2 0
github.com/OneFineDev/tmpltr/internal/services/source_service.go:99.74,101.16 2 3
github.com/OneFineDev/tmpltr/internal/services/source_service.go:101.16,104.3 2 2
github.com/OneFineDev/tmpltr/internal/services/source_service.go:105.2,105.24 1 1
github.com/OneFineDev/tmpltr/internal/services/source_service.go:108.89,118.16 8 0
github.com/OneFineDev/tmpltr/internal/services/source_service.go:118.16,120.3 1 0
github.com/OneFineDev/tmpltr/internal/services/source_service.go:121.2,122.16 2 0
github.com/OneFineDev/tmpltr/internal/services/source_service.go:122.16,124.3 1 0
github.com/OneFineDev/tmpltr/internal/services/source_service.go:125.2,125.12 1 0
github.com/OneFineDev/tmpltr/internal/services/source_service.go:128.96,134.42 4 0
github.com/OneFineDev/tmpltr/internal/services/source_service.go:134.42,136.32 2 0
github.com/OneFineDev/tmpltr/internal/services/source_service.go:136.32,145.18 5 0
github.com/OneFineDev/tmpltr/internal/services/source_service.go:145.18,153.5 4 0
github.com/OneFineDev/tmpltr/internal/services/source_service.go:155.4,155.20 1 0
github.com/OneFineDev/tmpltr/internal/services/source_service.go:159.2,159.12 1 0
github.com/OneFineDev/tmpltr/internal/services/source_service.go:159.12,163.3 3 0
github.com/OneFineDev/tmpltr/internal/services/source_service.go:165.2,165.27 1 0
github.com/OneFineDev/tmpltr/internal/services/source_service.go:183.43,185.54 2 5
github.com/OneFineDev/tmpltr/internal/services/source_service.go:185.54,187.3 1 6
github.com/OneFineDev/tmpltr/internal/services/source_service.go:190.40,193.48 3 4
github.com/OneFineDev/tmpltr/internal/services/source_service.go:193.48,196.3 2 7
github.com/OneFineDev/tmpltr/internal/services/source_service.go:204.44,206.56 2 5
github.com/OneFineDev/tmpltr/internal/services/source_service.go:206.56,212.16 4 11
github.com/OneFineDev/tmpltr/internal/services/source_service.go:212.16,216.4 3 6
github.com/OneFineDev/tmpltr/internal/services/source_service.go:226.74,227.11 1 0
github.com/OneFineDev/tmpltr/internal/services/source_service.go:228.27,229.37 1 0
github.com/OneFineDev/tmpltr/internal/services/source_service.go:230.28,231.38 1 0
github.com/OneFineDev/tmpltr/internal/services/source_service.go:232.28,233.38 1 0
github.com/OneFineDev/tmpltr/internal/services/source_service.go:234.10,235.63 1 0
github.com/OneFineDev/tmpltr/internal/services/source_service.go:249.75,250.58 1 0
github.com/OneFineDev/tmpltr/internal/services/source_service.go:250.58,252.10 2 0
github.com/OneFineDev/tmpltr/internal/services/source_service.go:252.10,254.4 1 0
github.com/OneFineDev/tmpltr/internal/services/source_service.go:255.3,258.17 3 0
github.com/OneFineDev/tmpltr/internal/services/source_service.go:258.17,260.4 1 0
github.com/OneFineDev/tmpltr/internal/services/source_service.go:261.3,261.40 1 0
github.com/OneFineDev/tmpltr/internal/services/source_service.go:263.2,263.12 1 0
github.com/OneFineDev/tmpltr/internal/services/source_service.go:266.57,267.41 1 0
github.com/OneFineDev/tmpltr/internal/services/source_service.go:267.41,268.35 1 0
github.com/OneFineDev/tmpltr/internal/services/source_service.go:268.35,270.11 2 0
github.com/OneFineDev/tmpltr/internal/services/source_service.go:270.11,272.5 1 0
github.com/OneFineDev/tmpltr/internal/services/source_service.go:273.4,274.42 2 0
github.com/OneFineDev/tmpltr/internal/services/source_service.go:277.2,277.12 1 0
github.com/OneFineDev/tmpltr/internal/services/template_service.go:29.69,33.2 1 15
github.com/OneFineDev/tmpltr/internal/services/template_service.go:35.52,37.2 1 0
github.com/OneFineDev/tmpltr/internal/services/template_service.go:42.68,43.58 1 4
github.com/OneFineDev/tmpltr/internal/services/template_service.go:43.58,45.3 1 1
github.com/OneFineDev/tmpltr/internal/services/template_service.go:46.2,48.97 2 3
github.com/OneFineDev/tmpltr/internal/services/template_service.go:48.97,49.17 1 9
github.com/OneFineDev/tmpltr/internal/services/template_service.go:49.17,51.4 1 0
github.com/OneFineDev/tmpltr/internal/services/template_service.go:52.3,52.19 1 9
github.com/OneFineDev/tmpltr/internal/services/template_service.go:52.19,53.29 1 5
github.com/OneFineDev/tmpltr/internal/services/template_service.go:53.29,55.5 1 1
github.com/OneFineDev/tmpltr/internal/services/template_service.go:56.4,56.14 1 4
github.com/OneFineDev/tmpltr/internal/services/template_service.go:57.9,57.47 1 4
github.com/OneFineDev/tmpltr/internal/services/template_service.go:57.47,60.4 2 3
github.com/OneFineDev/tmpltr/internal/services/template_service.go:61.3,61.13 1 1
github.com/OneFineDev/tmpltr/internal/services/template_service.go:63.2,64.12 2 3
github.com/OneFineDev/tmpltr/internal/services/template_service.go:68.51,71.40 2 3
github.com/OneFineDev/tmpltr/internal/services/template_service.go:71.40,74.17 2 3
github.com/OneFineDev/tmpltr/internal/services/template_service.go:74.17,76.4 1 0
github.com/OneFineDev/tmpltr/internal/services/template_service.go:79.3,80.17 2 3
github.com/OneFineDev/tmpltr/internal/services/template_service.go:80.17,82.4 1 1
github.com/OneFineDev/tmpltr/internal/services/template_service.go:84.3,84.36 1 2
github.com/OneFineDev/tmpltr/internal/services/template_service.go:87.2,91.50 4 2
github.com/OneFineDev/tmpltr/internal/services/template_service.go:91.50,94.3 2 2
github.com/OneFineDev/tmpltr/internal/services/template_service.go:96.2,97.12 2 2
github.com/OneFineDev/tmpltr/internal/services/template_service.go:108.11,112.29 3 9
github.com/OneFineDev/tmpltr/internal/services/template_service.go:112.29,113.42 1 32
github.com/OneFineDev/tmpltr/internal/services/template_service.go:113.42,115.23 2 11
github.com/OneFineDev/tmpltr/internal/services/template_service.go:115.23,117.18 2 0
github.com/OneFineDev/tmpltr/internal/services/template_service.go:119.4,119.29 1 11
github.com/OneFineDev/tmpltr/internal/services/template_service.go:119.29,120.25 1 11
github.com/OneFineDev/tmpltr/internal/services/template_service.go:120.25,122.19 2 0
github.com/OneFineDev/tmpltr/internal/services/template_service.go:124.5,124.50 1 11
github.com/OneFineDev/tmpltr/internal/services/template_service.go:124.50,126.27 1 11
github.com/OneFineDev/tmpltr/internal/services/template_service.go:126.27,128.7 1 5
github.com/OneFineDev/tmpltr/internal/services/template_service.go:131.6,131.27 1 11
github.com/OneFineDev/tmpltr/internal/services/template_service.go:131.27,132.70 1 4
github.com/OneFineDev/tmpltr/internal/services/template_service.go:132.70,134.8 1 2
github.com/OneFineDev/tmpltr/internal/services/template_service.go:134.13,138.8 3 2
github.com/OneFineDev/tmpltr/internal/services/template_service.go:141.6,141.27 1 11
github.com/OneFineDev/tmpltr/internal/services/template_service.go:141.27,142.70 1 2
github.com/OneFineDev/tmpltr/internal/services/template_service.go:142.70,143.70 1 0
github.com/OneFineDev/tmpltr/internal/services/template_service.go:143.70,145.9 1 0
github.com/OneFineDev/tmpltr/internal/services/template_service.go:145.14,149.9 3 0
github.com/OneFineDev/tmpltr/internal/services/template_service.go:150.13,156.8 5 2
github.com/OneFineDev/tmpltr/internal/services/template_service.go:158.11,160.19 2 0
github.com/OneFineDev/tmpltr/internal/services/template_service.go:163.9,164.51 1 21
github.com/OneFineDev/tmpltr/internal/services/template_service.go:164.51,166.18 2 3
github.com/OneFineDev/tmpltr/internal/services/template_service.go:170.2,170.15 1 9
github.com/OneFineDev/tmpltr/internal/services/template_service.go:174.80,176.16 2 2
github.com/OneFineDev/tmpltr/internal/services/template_service.go:176.16,178.3 1 0
github.com/OneFineDev/tmpltr/internal/services/template_service.go:180.2,183.16 3 2
github.com/OneFineDev/tmpltr/internal/services/template_service.go:183.16,185.3 1 1
github.com/OneFineDev/tmpltr/internal/services/template_service.go:187.2,187.21 1 1
github.com/OneFineDev/tmpltr/internal/services/template_service.go:191.54,196.36 3 3
github.com/OneFineDev/tmpltr/internal/services/template_service.go:196.36,198.3 1 4
github.com/OneFineDev/tmpltr/internal/services/template_service.go:201.53,205.16 3 0
github.com/OneFineDev/tmpltr/internal/services/template_service.go:205.16,207.3 1 0
github.com/OneFineDev/tmpltr/internal/services/template_service.go:209.2,210.12 2 0
github.com/OneFineDev/tmpltr/internal/services/template_service.go:216.12,219.36 2 0
github.com/OneFineDev/tmpltr/internal/services/template_service.go:219.36,220.50 1 0
github.com/OneFineDev/tmpltr/internal/services/template_service.go:220.50,222.65 1 0
github.com/OneFineDev/tmpltr/internal/services/template_service.go:222.65,223.51 1 0
github.com/OneFineDev/tmpltr/internal/services/template_service.go:223.51,224.58 1 0
github.com/OneFineDev/tmpltr/internal/services/template_service.go:224.58,226.82 1 0
github.com/OneFineDev/tmpltr/internal/services/template_service.go:226.82,227.39 1 0
github.com/OneFineDev/tmpltr/internal/services/template_service.go:227.39,228.52 1 0
github.com/OneFineDev/tmpltr/internal/services/template_service.go:228.52,230.10 1 0
github.com/OneFineDev/tmpltr/internal/services/template_service.go:232.13,234.8 1 0
github.com/OneFineDev/tmpltr/internal/services/template_service.go:235.12,236.52 1 0
github.com/OneFineDev/tmpltr/internal/services/template_service.go:236.52,238.8 1 0
github.com/OneFineDev/tmpltr/internal/services/template_service.go:241.10,243.5 1 0
github.com/OneFineDev/tmpltr/internal/services/template_service.go:244.9,246.34 1 0
github.com/OneFineDev/tmpltr/internal/services/template_service.go:246.34,248.5 1 0
github.com/OneFineDev/tmpltr/internal/services/template_service.go:252.2,252.20 1 0
github.com/OneFineDev/tmpltr/internal/services/template_service.go:256.62,257.47 1 3
github.com/OneFineDev/tmpltr/internal/services/template_service.go:257.47,260.17 3 5
github.com/OneFineDev/tmpltr/internal/services/template_service.go:260.17,262.4 1 2
github.com/OneFineDev/tmpltr/internal/services/template_service.go:264.2,264.12 1 1
github.com/OneFineDev/tmpltr/internal/services/template_service.go:268.53,270.47 1 2
github.com/OneFineDev/tmpltr/internal/services/template_service.go:270.47,272.17 2 3
github.com/OneFineDev/tmpltr/internal/services/template_service.go:272.17,273.34 1 0
github.com/OneFineDev/tmpltr/internal/services/template_service.go:273.34,275.5 1 0
github.com/OneFineDev/tmpltr/internal/services/template_service.go:276.4,276.14 1 0
github.com/OneFineDev/tmpltr/internal/services/template_service.go:278.3,280.17 3 3
github.com/OneFineDev/tmpltr/internal/services/template_service.go:280.17,282.4 1 1
github.com/OneFineDev/tmpltr/internal/services/template_service.go:284.2,284.12 1 1
github.com/OneFineDev/tmpltr/internal/services/yaml.go:16.61,21.16 3 6
github.com/OneFineDev/tmpltr/internal/services/yaml.go:21.16,23.3 1 0
github.com/OneFineDev/tmpltr/internal/services/yaml.go:26.2,26.20 1 6
github.com/OneFineDev/tmpltr/internal/services/yaml.go:26.20,28.3 1 2
github.com/OneFineDev/tmpltr/internal/services/yaml.go:33.2,34.16 2 4
github.com/OneFineDev/tmpltr/internal/services/yaml.go:34.16,36.3 1 2
github.com/OneFineDev/tmpltr/internal/services/yaml.go:38.2,38.24 1 2
